#-----------------------------------------------------------
# Webtalk v2018.2 (64-bit)
# SW Build 2258646 on Thu Jun 14 20:03:12 MDT 2018
# 
# Start of session at: Sun May 17 16:02:01 2020
# Process ID: 1528
# Current directory: E:/FPGA_Test/0_Finished/NexysVideo/nv_ethernet_Microblaze_2018R2_20200318_1/project_1/project_1.sdk/webtalk
# Command line: wbtcv.exe -mode batch -source sdk_webtalk.tcl
# Log file: E:/FPGA_Test/0_Finished/NexysVideo/nv_ethernet_Microblaze_2018R2_20200318_1/project_1/project_1.sdk/webtalk/webtalk.log
# Journal file: E:/FPGA_Test/0_Finished/NexysVideo/nv_ethernet_Microblaze_2018R2_20200318_1/project_1/project_1.sdk/webtalk\webtalk.jou
#-----------------------------------------------------------
source sdk_webtalk.tcl
# webtalk_init -webtalk_dir E:\\FPGA_Test\\0_Finished\\NexysVideo\\nv_ethernet_Microblaze_2018R2_20200318_1\\project_1\\project_1.sdk\\webtalk
# webtalk_register_client -client project
# webtalk_add_data -client project -key date_generated -value "2020-05-17 16:01:58" -context "software_version_and_target_device"
# webtalk_add_data -client project -key product_version -value "SDK v2018.2" -context "software_version_and_target_device"
# webtalk_add_data -client project -key build_version -value "2018.2" -context "software_version_and_target_device"
# webtalk_add_data -client project -key os_platform -value "amd64" -context "software_version_and_target_device"
# webtalk_add_data -client project -key registration_id -value "" -context "software_version_and_target_device"
# webtalk_add_data -client project -key tool_flow -value "SDK" -context "software_version_and_target_device"
# webtalk_add_data -client project -key beta -value "false" -context "software_version_and_target_device"
# webtalk_add_data -client project -key route_design -value "NA" -context "software_version_and_target_device"
# webtalk_add_data -client project -key target_family -value "NA" -context "software_version_and_target_device"
# webtalk_add_data -client project -key target_device -value "NA" -context "software_version_and_target_device"
# webtalk_add_data -client project -key target_package -value "NA" -context "software_version_and_target_device"
# webtalk_add_data -client project -key target_speed -value "NA" -context "software_version_and_target_device"
# webtalk_add_data -client project -key random_id -value "v9em7agpbvtg9h52ossvs98473" -context "software_version_and_target_device"
# webtalk_add_data -client project -key project_id -value "2018.2_17" -context "software_version_and_target_device"
# webtalk_add_data -client project -key project_iteration -value "17" -context "software_version_and_target_device"
# webtalk_add_data -client project -key os_name -value "Microsoft Windows 8 or later , 64-bit" -context "user_environment"
# webtalk_add_data -client project -key os_release -value "major release  (build 9200)" -context "user_environment"
# webtalk_add_data -client project -key cpu_name -value "Intel(R) Core(TM) i7-8750H CPU @ 2.20GHz" -context "user_environment"
# webtalk_add_data -client project -key cpu_speed -value "2208 MHz" -context "user_environment"
# webtalk_add_data -client project -key total_processors -value "1" -context "user_environment"
# webtalk_add_data -client project -key system_ram -value "17.028 GB" -context "user_environment"
# webtalk_register_client -client sdk
# webtalk_add_data -client sdk -key uid -value "1589699712061" -context "sdk\\\\hardware/1589699712061"
# webtalk_add_data -client sdk -key isZynq -value "false" -context "sdk\\\\hardware/1589699712061"
# webtalk_add_data -client sdk -key isZynqMP -value "false" -context "sdk\\\\hardware/1589699712061"
# webtalk_add_data -client sdk -key Processors -value "1" -context "sdk\\\\hardware/1589699712061"
# webtalk_add_data -client sdk -key VivadoVersion -value "2018.2" -context "sdk\\\\hardware/1589699712061"
# webtalk_add_data -client sdk -key Arch -value "artix7" -context "sdk\\\\hardware/1589699712061"
# webtalk_add_data -client sdk -key Device -value "7a200t" -context "sdk\\\\hardware/1589699712061"
# webtalk_add_data -client sdk -key IsHandoff -value "true" -context "sdk\\\\hardware/1589699712061"
# webtalk_add_data -client sdk -key os -value "NA" -context "sdk\\\\hardware/1589699712061"
# webtalk_add_data -client sdk -key apptemplate -value "NA" -context "sdk\\\\hardware/1589699712061"
# webtalk_add_data -client sdk -key RecordType -value "HWCreation" -context "sdk\\\\hardware/1589699712061"
# webtalk_add_data -client sdk -key uid -value "NA" -context "sdk\\\\bsp/1589702518163"
# webtalk_add_data -client sdk -key RecordType -value "ToolUsage" -context "sdk\\\\bsp/1589702518163"
# webtalk_add_data -client sdk -key BootgenCount -value "0" -context "sdk\\\\bsp/1589702518163"
# webtalk_add_data -client sdk -key DebugCount -value "0" -context "sdk\\\\bsp/1589702518163"
# webtalk_add_data -client sdk -key PerfCount -value "0" -context "sdk\\\\bsp/1589702518163"
# webtalk_add_data -client sdk -key FlashCount -value "0" -context "sdk\\\\bsp/1589702518163"
# webtalk_add_data -client sdk -key CrossTriggCount -value "0" -context "sdk\\\\bsp/1589702518163"
# webtalk_add_data -client sdk -key QemuDebugCount -value "0" -context "sdk\\\\bsp/1589702518163"
# webtalk_transmit -clientid 4045322991 -regid "" -xml E:\\FPGA_Test\\0_Finished\\NexysVideo\\nv_ethernet_Microblaze_2018R2_20200318_1\\project_1\\project_1.sdk\\webtalk\\usage_statistics_ext_sdk.xml -html E:\\FPGA_Test\\0_Finished\\NexysVideo\\nv_ethernet_Microblaze_2018R2_20200318_1\\project_1\\project_1.sdk\\webtalk\\usage_statistics_ext_sdk.html -wdm E:\\FPGA_Test\\0_Finished\\NexysVideo\\nv_ethernet_Microblaze_2018R2_20200318_1\\project_1\\project_1.sdk\\webtalk\\sdk_webtalk.wdm -intro "<H3>SDK Usage Report</H3><BR>"
# webtalk_terminate
INFO: [Common 17-206] Exiting Webtalk at Sun May 17 16:02:09 2020...
