21:15:43 INFO  : Registering command handlers for SDK TCF services
21:15:43 INFO  : Launching XSCT server: xsct.bat -interactive E:\FPGA_Test\3_Study\Microblaze_2018R2_20200318_1\project_1\project_1.sdk\temp_xsdb_launch_script.tcl
21:15:45 INFO  : XSCT server has started successfully.
21:15:46 INFO  : Successfully done setting XSCT server connection channel  
21:15:46 INFO  : Successfully done setting SDK workspace  
21:15:46 INFO  : Processing command line option -hwspec E:/FPGA_Test/3_Study/Microblaze_2018R2_20200318_1/project_1/project_1.sdk/design_1_wrapper.hdf.
21:18:00 INFO  : Refreshed build settings on project qxy
21:23:32 INFO  : Refreshed build settings on project qxy
21:25:30 INFO  : Connected to target on host '127.0.0.1' and port '3121'.
21:25:33 INFO  : 'targets -set -filter {jtag_cable_name =~ "Digilent Nexys Video 210276A794FAB" && level==0} -index 0' command is executed.
21:25:40 INFO  : FPGA configured successfully with bitstream "E:/FPGA_Test/3_Study/Microblaze_2018R2_20200318_1/project_1/project_1.sdk/design_1_wrapper_hw_platform_0/download.bit"
21:26:08 INFO  : 'targets -set -filter {jtag_cable_name =~ "Digilent Nexys Video 210276A794FAB" && level==0} -index 0' command is executed.
21:26:08 INFO  : 'fpga -state' command is executed.
21:26:08 INFO  : Connected to target on host '127.0.0.1' and port '3121'.
21:26:08 INFO  : Jtag cable 'Digilent Nexys Video 210276A794FAB' is selected.
21:26:08 INFO  : 'jtag frequency' command is executed.
21:26:08 INFO  : 'configparams mdm-detect-bscan-mask 2' command is executed.
21:26:08 INFO  : Context for processor 'microblaze_0' is selected.
21:26:08 INFO  : Processor reset is completed for 'microblaze_0'.
21:26:08 INFO  : Context for processor 'microblaze_0' is selected.
21:26:09 INFO  : The application 'E:/FPGA_Test/3_Study/Microblaze_2018R2_20200318_1/project_1/project_1.sdk/qxy/Debug/qxy.elf' is downloaded to processor 'microblaze_0'.
21:26:09 INFO  : ----------------XSDB Script----------------
connect -url tcp:127.0.0.1:3121
configparams mdm-detect-bscan-mask 2
targets -set -nocase -filter {name =~ "microblaze*#0" && bscan=="USER2"  && jtag_cable_name =~ "Digilent Nexys Video 210276A794FAB"} -index 0
rst -processor
targets -set -nocase -filter {name =~ "microblaze*#0" && bscan=="USER2"  && jtag_cable_name =~ "Digilent Nexys Video 210276A794FAB"} -index 0
dow E:/FPGA_Test/3_Study/Microblaze_2018R2_20200318_1/project_1/project_1.sdk/qxy/Debug/qxy.elf
----------------End of Script----------------

21:26:09 INFO  : Context for processor 'microblaze_0' is selected.
21:26:09 INFO  : 'con' command is executed.
21:26:09 INFO  : ----------------XSDB Script (After Launch)----------------
targets -set -nocase -filter {name =~ "microblaze*#0" && bscan=="USER2"  && jtag_cable_name =~ "Digilent Nexys Video 210276A794FAB"} -index 0
con
----------------End of Script----------------

21:26:09 INFO  : Disconnected from the channel tcfchan#1.
21:28:30 INFO  : Registering command handlers for SDK TCF services
21:28:30 INFO  : Launching XSCT server: xsct.bat -interactive E:\FPGA_Test\3_Study\Microblaze_2018R2_20200318_1\project_1\project_1.sdk\temp_xsdb_launch_script.tcl
21:28:33 INFO  : XSCT server has started successfully.
21:28:33 INFO  : Successfully done setting XSCT server connection channel  
21:28:34 INFO  : Successfully done setting SDK workspace  
21:28:34 INFO  : Processing command line option -hwspec E:/FPGA_Test/3_Study/Microblaze_2018R2_20200318_1/project_1/project_1.sdk/design_1_wrapper.hdf.
21:28:34 INFO  : Checking for hwspec changes in the project design_1_wrapper_hw_platform_0.
15:14:27 INFO  : Registering command handlers for SDK TCF services
15:14:28 INFO  : Launching XSCT server: xsct.bat -interactive E:\FPGA_Test\0_Finished\NexysVideo\nv_ethernet_Microblaze_2018R2_20200318_1\project_1\project_1.sdk\temp_xsdb_launch_script.tcl
15:14:32 INFO  : XSCT server has started successfully.
15:14:36 INFO  : Successfully done setting XSCT server connection channel  
15:14:36 INFO  : Successfully done setting SDK workspace  
15:14:36 INFO  : Processing command line option -hwspec E:/FPGA_Test/0_Finished/NexysVideo/nv_ethernet_Microblaze_2018R2_20200318_1/project_1/project_1.sdk/design_1_wrapper.hdf.
21:52:07 INFO  : Registering command handlers for SDK TCF services
21:52:09 INFO  : Launching XSCT server: xsct.bat -interactive E:\FPGA_Test\0_Finished\NexysVideo\nv_ethernet_Microblaze_2018R2_20200318_1\project_1\project_1.sdk\temp_xsdb_launch_script.tcl
21:52:13 INFO  : XSCT server has started successfully.
21:52:13 INFO  : Successfully done setting XSCT server connection channel  
21:52:15 INFO  : Successfully done setting SDK workspace  
21:52:15 INFO  : Processing command line option -hwspec E:/FPGA_Test/0_Finished/NexysVideo/nv_ethernet_Microblaze_2018R2_20200318_1/project_1/project_1.sdk/design_1_wrapper.hdf.
21:52:15 INFO  : Checking for hwspec changes in the project design_1_wrapper_hw_platform_1.
09:55:11 INFO  : Registering command handlers for SDK TCF services
09:55:12 INFO  : Launching XSCT server: xsct.bat -interactive E:\FPGA_Test\0_Finished\NexysVideo\nv_ethernet_Microblaze_2018R2_20200318_1\project_1\project_1.sdk\temp_xsdb_launch_script.tcl
09:55:16 INFO  : XSCT server has started successfully.
09:55:16 INFO  : Successfully done setting XSCT server connection channel  
09:55:18 INFO  : Successfully done setting SDK workspace  
09:55:19 INFO  : Processing command line option -hwspec E:/FPGA_Test/0_Finished/NexysVideo/nv_ethernet_Microblaze_2018R2_20200318_1/project_1/project_1.sdk/design_1_wrapper.hdf.
09:55:19 INFO  : Checking for hwspec changes in the project design_1_wrapper_hw_platform_1.
11:06:32 INFO  : Registering command handlers for SDK TCF services
11:06:34 INFO  : Launching XSCT server: xsct.bat -interactive E:\FPGA_Test\0_Finished\NexysVideo\nv_ethernet_Microblaze_2018R2_20200318_1\project_1\project_1.sdk\temp_xsdb_launch_script.tcl
11:06:40 INFO  : XSCT server has started successfully.
11:06:40 INFO  : Successfully done setting XSCT server connection channel  
11:06:43 INFO  : Successfully done setting SDK workspace  
11:06:43 INFO  : Processing command line option -hwspec E:/FPGA_Test/0_Finished/NexysVideo/nv_ethernet_Microblaze_2018R2_20200318_1/project_1/project_1.sdk/design_1_wrapper.hdf.
11:06:43 INFO  : Checking for hwspec changes in the project design_1_wrapper_hw_platform_1.
12:17:29 INFO  : Registering command handlers for SDK TCF services
12:17:30 INFO  : Launching XSCT server: xsct.bat -interactive E:\FPGA_Test\0_Finished\NexysVideo\nv_ethernet_Microblaze_2018R2_20200318_1\project_1\project_1.sdk\temp_xsdb_launch_script.tcl
12:17:33 INFO  : XSCT server has started successfully.
12:17:33 INFO  : Successfully done setting XSCT server connection channel  
12:17:36 INFO  : Successfully done setting SDK workspace  
12:17:36 INFO  : Processing command line option -hwspec E:/FPGA_Test/0_Finished/NexysVideo/nv_ethernet_Microblaze_2018R2_20200318_1/project_1/project_1.sdk/design_1_wrapper.hdf.
12:17:36 INFO  : Checking for hwspec changes in the project design_1_wrapper_hw_platform_1.
